<?xml version="1.0" encoding="UTF-8"?>
<!-- Generated by org.testng.reporters.JUnitReportReporter -->
<testsuite hostname="Arunas_Laptop" failures="0" tests="1" name="test.java.com.learnAutomation.testcases.LoginTestCRM" time="0.354" errors="0" timestamp="2025-02-11T10:52:04 PST" skipped="0">
  <testcase classname="test.java.com.learnAutomation.testcases.LoginTestCRM" name="loginApp" time="0.354"/>
  <system-out>
    <![CDATA[Test setup started
Test setup done.. good to start the tests
Landing page setup done
Switched to CRM login page
Testing complete]]>
  </system-out>
</testsuite> <!-- test.java.com.learnAutomation.testcases.LoginTestCRM -->
