<?xml version="1.0" encoding="UTF-8"?>
<!-- Generated by org.testng.reporters.JUnitReportReporter -->
<testsuite hostname="Arunas_Laptop" failures="0" tests="1" name="test.java.com.learnAutomation.testcases.TestCaseWiothoutFramework" time="3.057" errors="0" timestamp="2025-02-10T10:28:02 PST" skipped="0">
  <testcase classname="test.java.com.learnAutomation.testcases.TestCaseWiothoutFramework" name="test1" time="3.057"/>
</testsuite> <!-- test.java.com.learnAutomation.testcases.TestCaseWiothoutFramework -->
